<?xml version="1.0" encoding="UTF-8"?>
<!-- Generated by org.testng.reporters.JUnitReportReporter -->
<testsuite skipped="0" hostname="Jit-PC" name="jitenpatel.RestAPITest" tests="2" failures="0" timestamp="2019-11-16T19:55:12 EST" time="0.001" errors="0">
  <testcase name="RestAPI1" time="0.000" classname="jitenpatel.RestAPITest"/>
  <testcase name="RestAPI2" time="0.001" classname="jitenpatel.RestAPITest"/>
</testsuite> <!-- jitenpatel.RestAPITest -->
