<?xml version="1.0" encoding="UTF-8"?>
<!-- Generated by org.testng.reporters.JUnitReportReporter -->
<testsuite skipped="0" hostname="Jit-PC" name="jitenpatel.MobileAutomationTest" tests="2" failures="0" timestamp="2019-11-16T19:55:12 EST" time="0.001" errors="0">
  <testcase name="MobileTest1" time="0.001" classname="jitenpatel.MobileAutomationTest"/>
  <testcase name="MobileTest2" time="0.000" classname="jitenpatel.MobileAutomationTest"/>
</testsuite> <!-- jitenpatel.MobileAutomationTest -->
