<?xml version="1.0" encoding="UTF-8"?>
<!-- Generated by org.testng.reporters.JUnitReportReporter -->
<testsuite skipped="0" hostname="Jit-PC" name="jitenpatel.SeleniumTest" tests="2" failures="0" timestamp="2019-11-16T19:55:12 EST" time="0.009" errors="0">
  <testcase name="browserAutomation" time="0.000" classname="jitenpatel.SeleniumTest"/>
  <testcase name="Selnium2" time="0.009" classname="jitenpatel.SeleniumTest"/>
</testsuite> <!-- jitenpatel.SeleniumTest -->
